\BOOKMARK [0][-]{chapter.1}{\376\377\000P\000R\000A\000C\000T\000I\000C\000A\000\040\000T\000E\000M\000P\000L\000A\000T\000E}{}% 1
\BOOKMARK [1][-]{section.1.1}{\376\377\000I\000n\000t\000r\000o\000d\000u\000c\000c\000i\000\363\000n}{chapter.1}% 2
\BOOKMARK [1][-]{section.1.2}{\376\377\000U\000s\000o\000\040\000d\000e\000\040\000t\000e\000m\000p\000l\000a\000t\000e\000s}{chapter.1}% 3
\BOOKMARK [1][-]{section.1.3}{\376\377\000f\000u\000n\000c\000t\000o\000r}{chapter.1}% 4
\BOOKMARK [1][-]{section.1.4}{\376\377\000G\000e\000n\000e\000r\000a\000l\000i\000z\000a\000n\000d\000o\000\040\000e\000l\000\040\000c\000o\000n\000j\000u\000n\000t\000o\000.}{chapter.1}% 5
\BOOKMARK [2][-]{subsection.1.4.1}{\376\377\000I\000n\000s\000e\000r\000t}{section.1.4}% 6
\BOOKMARK [2][-]{subsection.1.4.2}{\376\377\000S\000E\000\040\000P\000I\000D\000E}{section.1.4}% 7
\BOOKMARK [0][-]{chapter.2}{\376\377\000T\000o\000d\000o\000\040\000L\000i\000s\000t}{}% 8
\BOOKMARK [0][-]{chapter.3}{\376\377\000C\000l\000a\000s\000s\000\040\000I\000n\000d\000e\000x}{}% 9
\BOOKMARK [1][-]{section.3.1}{\376\377\000C\000l\000a\000s\000s\000\040\000L\000i\000s\000t}{chapter.3}% 10
\BOOKMARK [0][-]{chapter.4}{\376\377\000C\000l\000a\000s\000s\000\040\000D\000o\000c\000u\000m\000e\000n\000t\000a\000t\000i\000o\000n}{}% 11
\BOOKMARK [1][-]{section.4.1}{\376\377\000C\000o\000m\000p\000a\000r\000a\000c\000i\000o\000n\000P\000o\000r\000F\000e\000c\000h\000a\000C\000r\000e\000c\000i\000e\000n\000t\000e\000\040\000C\000l\000a\000s\000s\000\040\000R\000e\000f\000e\000r\000e\000n\000c\000e}{chapter.4}% 12
\BOOKMARK [2][-]{subsection.4.1.1}{\376\377\000D\000e\000t\000a\000i\000l\000e\000d\000\040\000D\000e\000s\000c\000r\000i\000p\000t\000i\000o\000n}{section.4.1}% 13
\BOOKMARK [2][-]{subsection.4.1.2}{\376\377\000M\000e\000m\000b\000e\000r\000\040\000F\000u\000n\000c\000t\000i\000o\000n\000\040\000D\000o\000c\000u\000m\000e\000n\000t\000a\000t\000i\000o\000n}{section.4.1}% 14
\BOOKMARK [3][-]{subsubsection.4.1.2.1}{\376\377\000o\000p\000e\000r\000a\000t\000o\000r\000\050\000\051}{subsection.4.1.2}% 15
\BOOKMARK [1][-]{section.4.2}{\376\377\000C\000o\000m\000p\000a\000r\000a\000c\000i\000o\000n\000P\000o\000r\000F\000e\000c\000h\000a\000D\000e\000c\000r\000e\000c\000i\000e\000n\000t\000e\000\040\000C\000l\000a\000s\000s\000\040\000R\000e\000f\000e\000r\000e\000n\000c\000e}{chapter.4}% 16
\BOOKMARK [2][-]{subsection.4.2.1}{\376\377\000D\000e\000t\000a\000i\000l\000e\000d\000\040\000D\000e\000s\000c\000r\000i\000p\000t\000i\000o\000n}{section.4.2}% 17
\BOOKMARK [2][-]{subsection.4.2.2}{\376\377\000M\000e\000m\000b\000e\000r\000\040\000F\000u\000n\000c\000t\000i\000o\000n\000\040\000D\000o\000c\000u\000m\000e\000n\000t\000a\000t\000i\000o\000n}{section.4.2}% 18
\BOOKMARK [3][-]{subsubsection.4.2.2.1}{\376\377\000o\000p\000e\000r\000a\000t\000o\000r\000\050\000\051}{subsection.4.2.2}% 19
\BOOKMARK [1][-]{section.4.3}{\376\377\000C\000o\000m\000p\000a\000r\000a\000c\000i\000o\000n\000P\000o\000r\000I\000U\000C\000R\000C\000r\000e\000c\000i\000e\000n\000t\000e\000\040\000C\000l\000a\000s\000s\000\040\000R\000e\000f\000e\000r\000e\000n\000c\000e}{chapter.4}% 20
\BOOKMARK [2][-]{subsection.4.3.1}{\376\377\000D\000e\000t\000a\000i\000l\000e\000d\000\040\000D\000e\000s\000c\000r\000i\000p\000t\000i\000o\000n}{section.4.3}% 21
\BOOKMARK [2][-]{subsection.4.3.2}{\376\377\000M\000e\000m\000b\000e\000r\000\040\000F\000u\000n\000c\000t\000i\000o\000n\000\040\000D\000o\000c\000u\000m\000e\000n\000t\000a\000t\000i\000o\000n}{section.4.3}% 22
\BOOKMARK [3][-]{subsubsection.4.3.2.1}{\376\377\000o\000p\000e\000r\000a\000t\000o\000r\000\050\000\051}{subsection.4.3.2}% 23
\BOOKMARK [1][-]{section.4.4}{\376\377\000C\000o\000m\000p\000a\000r\000a\000c\000i\000o\000n\000P\000o\000r\000I\000U\000C\000R\000D\000e\000c\000r\000e\000c\000i\000e\000n\000t\000e\000\040\000C\000l\000a\000s\000s\000\040\000R\000e\000f\000e\000r\000e\000n\000c\000e}{chapter.4}% 24
\BOOKMARK [2][-]{subsection.4.4.1}{\376\377\000D\000e\000t\000a\000i\000l\000e\000d\000\040\000D\000e\000s\000c\000r\000i\000p\000t\000i\000o\000n}{section.4.4}% 25
\BOOKMARK [2][-]{subsection.4.4.2}{\376\377\000M\000e\000m\000b\000e\000r\000\040\000F\000u\000n\000c\000t\000i\000o\000n\000\040\000D\000o\000c\000u\000m\000e\000n\000t\000a\000t\000i\000o\000n}{section.4.4}% 26
\BOOKMARK [3][-]{subsubsection.4.4.2.1}{\376\377\000o\000p\000e\000r\000a\000t\000o\000r\000\050\000\051}{subsection.4.4.2}% 27
\BOOKMARK [1][-]{section.4.5}{\376\377\000c\000o\000n\000j\000u\000n\000t\000o\000<\000\040\000C\000M\000P\000\040\000>\000\040\000C\000l\000a\000s\000s\000\040\000T\000e\000m\000p\000l\000a\000t\000e\000\040\000R\000e\000f\000e\000r\000e\000n\000c\000e}{chapter.4}% 28
\BOOKMARK [2][-]{subsection.4.5.1}{\376\377\000D\000e\000t\000a\000i\000l\000e\000d\000\040\000D\000e\000s\000c\000r\000i\000p\000t\000i\000o\000n}{section.4.5}% 29
\BOOKMARK [2][-]{subsection.4.5.2}{\376\377\000C\000o\000n\000s\000t\000r\000u\000c\000t\000o\000r\000\040\000\046\000\040\000D\000e\000s\000t\000r\000u\000c\000t\000o\000r\000\040\000D\000o\000c\000u\000m\000e\000n\000t\000a\000t\000i\000o\000n}{section.4.5}% 30
\BOOKMARK [3][-]{subsubsection.4.5.2.1}{\376\377\000c\000o\000n\000j\000u\000n\000t\000o}{subsection.4.5.2}% 31
\BOOKMARK [3][-]{subsubsection.4.5.2.2}{\376\377\000c\000o\000n\000j\000u\000n\000t\000o}{subsection.4.5.2}% 32
\BOOKMARK [3][-]{subsubsection.4.5.2.3}{\376\377\000c\000o\000n\000j\000u\000n\000t\000o}{subsection.4.5.2}% 33
\BOOKMARK [2][-]{subsection.4.5.3}{\376\377\000M\000e\000m\000b\000e\000r\000\040\000F\000u\000n\000c\000t\000i\000o\000n\000\040\000D\000o\000c\000u\000m\000e\000n\000t\000a\000t\000i\000o\000n}{section.4.5}% 34
\BOOKMARK [3][-]{subsubsection.4.5.3.1}{\376\377\000c\000b\000e\000g\000i\000n}{subsection.4.5.3}% 35
\BOOKMARK [3][-]{subsubsection.4.5.3.2}{\376\377\000c\000e\000n\000d}{subsection.4.5.3}% 36
\BOOKMARK [3][-]{subsubsection.4.5.3.3}{\376\377\000e\000m\000p\000t\000y}{subsection.4.5.3}% 37
\BOOKMARK [3][-]{subsubsection.4.5.3.4}{\376\377\000e\000r\000a\000s\000e}{subsection.4.5.3}% 38
\BOOKMARK [3][-]{subsubsection.4.5.3.5}{\376\377\000e\000r\000a\000s\000e}{subsection.4.5.3}% 39
\BOOKMARK [3][-]{subsubsection.4.5.3.6}{\376\377\000f\000i\000n\000d}{subsection.4.5.3}% 40
\BOOKMARK [3][-]{subsubsection.4.5.3.7}{\376\377\000f\000i\000n\000d}{subsection.4.5.3}% 41
\BOOKMARK [3][-]{subsubsection.4.5.3.8}{\376\377\000f\000i\000n\000d\000D\000E\000S\000C\000R}{subsection.4.5.3}% 42
\BOOKMARK [3][-]{subsubsection.4.5.3.9}{\376\377\000f\000i\000n\000d\000I\000U\000C\000R}{subsection.4.5.3}% 43
\BOOKMARK [3][-]{subsubsection.4.5.3.10}{\376\377\000i\000n\000s\000e\000r\000t}{subsection.4.5.3}% 44
\BOOKMARK [3][-]{subsubsection.4.5.3.11}{\376\377\000l\000o\000w\000e\000r\000\137\000b\000o\000u\000n\000d}{subsection.4.5.3}% 45
\BOOKMARK [3][-]{subsubsection.4.5.3.12}{\376\377\000l\000o\000w\000e\000r\000\137\000b\000o\000u\000n\000d}{subsection.4.5.3}% 46
\BOOKMARK [3][-]{subsubsection.4.5.3.13}{\376\377\000o\000p\000e\000r\000a\000t\000o\000r\000=}{subsection.4.5.3}% 47
\BOOKMARK [3][-]{subsubsection.4.5.3.14}{\376\377\000s\000i\000z\000e}{subsection.4.5.3}% 48
\BOOKMARK [3][-]{subsubsection.4.5.3.15}{\376\377\000u\000p\000p\000e\000r\000\137\000b\000o\000u\000n\000d}{subsection.4.5.3}% 49
\BOOKMARK [3][-]{subsubsection.4.5.3.16}{\376\377\000u\000p\000p\000e\000r\000\137\000b\000o\000u\000n\000d}{subsection.4.5.3}% 50
\BOOKMARK [2][-]{subsection.4.5.4}{\376\377\000F\000r\000i\000e\000n\000d\000s\000\040\000A\000n\000d\000\040\000R\000e\000l\000a\000t\000e\000d\000\040\000F\000u\000n\000c\000t\000i\000o\000n\000\040\000D\000o\000c\000u\000m\000e\000n\000t\000a\000t\000i\000o\000n}{section.4.5}% 51
\BOOKMARK [3][-]{subsubsection.4.5.4.1}{\376\377\000o\000p\000e\000r\000a\000t\000o\000r\000<\000<}{subsection.4.5.4}% 52
\BOOKMARK [1][-]{section.4.6}{\376\377\000c\000o\000n\000j\000u\000n\000t\000o\000<\000\040\000C\000M\000P\000\040\000>\000:\000:\000c\000o\000n\000s\000t\000\137\000i\000t\000e\000r\000a\000t\000o\000r\000\040\000C\000l\000a\000s\000s\000\040\000R\000e\000f\000e\000r\000e\000n\000c\000e}{chapter.4}% 53
\BOOKMARK [2][-]{subsection.4.6.1}{\376\377\000D\000e\000t\000a\000i\000l\000e\000d\000\040\000D\000e\000s\000c\000r\000i\000p\000t\000i\000o\000n}{section.4.6}% 54
\BOOKMARK [2][-]{subsection.4.6.2}{\376\377\000M\000e\000m\000b\000e\000r\000\040\000F\000u\000n\000c\000t\000i\000o\000n\000\040\000D\000o\000c\000u\000m\000e\000n\000t\000a\000t\000i\000o\000n}{section.4.6}% 55
\BOOKMARK [3][-]{subsubsection.4.6.2.1}{\376\377\000o\000p\000e\000r\000a\000t\000o\000r\000!\000=}{subsection.4.6.2}% 56
\BOOKMARK [3][-]{subsubsection.4.6.2.2}{\376\377\000o\000p\000e\000r\000a\000t\000o\000r}{subsection.4.6.2}% 57
\BOOKMARK [3][-]{subsubsection.4.6.2.3}{\376\377\000o\000p\000e\000r\000a\000t\000o\000r\000+\000+}{subsection.4.6.2}% 58
\BOOKMARK [3][-]{subsubsection.4.6.2.4}{\376\377\000o\000p\000e\000r\000a\000t\000o\000r\000+\000+}{subsection.4.6.2}% 59
\BOOKMARK [3][-]{subsubsection.4.6.2.5}{\376\377\000o\000p\000e\000r\000a\000t\000o\000r\000-\000-}{subsection.4.6.2}% 60
\BOOKMARK [3][-]{subsubsection.4.6.2.6}{\376\377\000o\000p\000e\000r\000a\000t\000o\000r\000-\000-}{subsection.4.6.2}% 61
\BOOKMARK [3][-]{subsubsection.4.6.2.7}{\376\377\000o\000p\000e\000r\000a\000t\000o\000r\000=\000=}{subsection.4.6.2}% 62
\BOOKMARK [1][-]{section.4.7}{\376\377\000c\000r\000i\000m\000e\000n\000\040\000C\000l\000a\000s\000s\000\040\000R\000e\000f\000e\000r\000e\000n\000c\000e}{chapter.4}% 63
\BOOKMARK [2][-]{subsection.4.7.1}{\376\377\000D\000e\000t\000a\000i\000l\000e\000d\000\040\000D\000e\000s\000c\000r\000i\000p\000t\000i\000o\000n}{section.4.7}% 64
\BOOKMARK [2][-]{subsection.4.7.2}{\376\377\000C\000o\000n\000s\000t\000r\000u\000c\000t\000o\000r\000\040\000\046\000\040\000D\000e\000s\000t\000r\000u\000c\000t\000o\000r\000\040\000D\000o\000c\000u\000m\000e\000n\000t\000a\000t\000i\000o\000n}{section.4.7}% 65
\BOOKMARK [3][-]{subsubsection.4.7.2.1}{\376\377\000c\000r\000i\000m\000e\000n}{subsection.4.7.2}% 66
\BOOKMARK [2][-]{subsection.4.7.3}{\376\377\000M\000e\000m\000b\000e\000r\000\040\000F\000u\000n\000c\000t\000i\000o\000n\000\040\000D\000o\000c\000u\000m\000e\000n\000t\000a\000t\000i\000o\000n}{section.4.7}% 67
\BOOKMARK [3][-]{subsubsection.4.7.3.1}{\376\377\000g\000e\000t\000A\000r\000r\000e\000s\000t}{subsection.4.7.3}% 68
\BOOKMARK [3][-]{subsubsection.4.7.3.2}{\376\377\000g\000e\000t\000C\000a\000s\000e\000N\000u\000m\000b\000e\000r}{subsection.4.7.3}% 69
\BOOKMARK [3][-]{subsubsection.4.7.3.3}{\376\377\000g\000e\000t\000D\000a\000t\000e}{subsection.4.7.3}% 70
\BOOKMARK [3][-]{subsubsection.4.7.3.4}{\376\377\000g\000e\000t\000D\000e\000s\000c\000r\000i\000p\000t\000i\000o\000n}{subsection.4.7.3}% 71
\BOOKMARK [3][-]{subsubsection.4.7.3.5}{\376\377\000g\000e\000t\000D\000o\000m\000e\000s\000t\000i\000c}{subsection.4.7.3}% 72
\BOOKMARK [3][-]{subsubsection.4.7.3.6}{\376\377\000g\000e\000t\000I\000D}{subsection.4.7.3}% 73
\BOOKMARK [3][-]{subsubsection.4.7.3.7}{\376\377\000g\000e\000t\000I\000u\000c\000r}{subsection.4.7.3}% 74
\BOOKMARK [3][-]{subsubsection.4.7.3.8}{\376\377\000g\000e\000t\000L\000a\000t\000i\000t\000u\000d\000e}{subsection.4.7.3}% 75
\BOOKMARK [3][-]{subsubsection.4.7.3.9}{\376\377\000g\000e\000t\000L\000o\000c\000a\000t\000i\000o\000n\000D\000e\000s\000c\000r\000i\000p\000t\000i\000o\000n}{subsection.4.7.3}% 76
\BOOKMARK [3][-]{subsubsection.4.7.3.10}{\376\377\000g\000e\000t\000L\000o\000n\000g\000i\000t\000u\000d\000e}{subsection.4.7.3}% 77
\BOOKMARK [3][-]{subsubsection.4.7.3.11}{\376\377\000g\000e\000t\000P\000r\000i\000m\000a\000r\000y\000T\000y\000p\000e}{subsection.4.7.3}% 78
\BOOKMARK [3][-]{subsubsection.4.7.3.12}{\376\377\000o\000p\000e\000r\000a\000t\000o\000r\000!\000=}{subsection.4.7.3}% 79
\BOOKMARK [3][-]{subsubsection.4.7.3.13}{\376\377\000o\000p\000e\000r\000a\000t\000o\000r\000<}{subsection.4.7.3}% 80
\BOOKMARK [3][-]{subsubsection.4.7.3.14}{\376\377\000o\000p\000e\000r\000a\000t\000o\000r\000<\000=}{subsection.4.7.3}% 81
\BOOKMARK [3][-]{subsubsection.4.7.3.15}{\376\377\000o\000p\000e\000r\000a\000t\000o\000r\000=\000=}{subsection.4.7.3}% 82
\BOOKMARK [3][-]{subsubsection.4.7.3.16}{\376\377\000o\000p\000e\000r\000a\000t\000o\000r\000>}{subsection.4.7.3}% 83
\BOOKMARK [3][-]{subsubsection.4.7.3.17}{\376\377\000o\000p\000e\000r\000a\000t\000o\000r\000>\000=}{subsection.4.7.3}% 84
\BOOKMARK [3][-]{subsubsection.4.7.3.18}{\376\377\000s\000e\000t\000A\000r\000r\000e\000s\000t}{subsection.4.7.3}% 85
\BOOKMARK [3][-]{subsubsection.4.7.3.19}{\376\377\000s\000e\000t\000C\000a\000s\000e\000N\000u\000m\000b\000e\000r}{subsection.4.7.3}% 86
\BOOKMARK [3][-]{subsubsection.4.7.3.20}{\376\377\000s\000e\000t\000D\000a\000t\000e}{subsection.4.7.3}% 87
\BOOKMARK [3][-]{subsubsection.4.7.3.21}{\376\377\000s\000e\000t\000D\000e\000s\000c\000r\000i\000p\000t\000i\000o\000n}{subsection.4.7.3}% 88
\BOOKMARK [3][-]{subsubsection.4.7.3.22}{\376\377\000s\000e\000t\000D\000o\000m\000e\000s\000t\000i\000c}{subsection.4.7.3}% 89
\BOOKMARK [3][-]{subsubsection.4.7.3.23}{\376\377\000s\000e\000t\000I\000D}{subsection.4.7.3}% 90
\BOOKMARK [3][-]{subsubsection.4.7.3.24}{\376\377\000s\000e\000t\000I\000u\000c\000r}{subsection.4.7.3}% 91
\BOOKMARK [3][-]{subsubsection.4.7.3.25}{\376\377\000s\000e\000t\000L\000a\000t\000i\000t\000u\000d\000e}{subsection.4.7.3}% 92
\BOOKMARK [3][-]{subsubsection.4.7.3.26}{\376\377\000s\000e\000t\000L\000o\000c\000a\000t\000i\000o\000n\000D\000e\000s\000c\000r\000i\000p\000t\000i\000o\000n}{subsection.4.7.3}% 93
\BOOKMARK [3][-]{subsubsection.4.7.3.27}{\376\377\000s\000e\000t\000L\000o\000n\000g\000i\000t\000u\000d\000e}{subsection.4.7.3}% 94
\BOOKMARK [3][-]{subsubsection.4.7.3.28}{\376\377\000s\000e\000t\000P\000r\000i\000m\000a\000r\000y\000T\000y\000p\000e}{subsection.4.7.3}% 95
\BOOKMARK [2][-]{subsection.4.7.4}{\376\377\000F\000r\000i\000e\000n\000d\000s\000\040\000A\000n\000d\000\040\000R\000e\000l\000a\000t\000e\000d\000\040\000F\000u\000n\000c\000t\000i\000o\000n\000\040\000D\000o\000c\000u\000m\000e\000n\000t\000a\000t\000i\000o\000n}{section.4.7}% 96
\BOOKMARK [3][-]{subsubsection.4.7.4.1}{\376\377\000o\000p\000e\000r\000a\000t\000o\000r\000<\000<}{subsection.4.7.4}% 97
\BOOKMARK [1][-]{section.4.8}{\376\377\000f\000e\000c\000h\000a\000\040\000C\000l\000a\000s\000s\000\040\000R\000e\000f\000e\000r\000e\000n\000c\000e}{chapter.4}% 98
\BOOKMARK [2][-]{subsection.4.8.1}{\376\377\000D\000e\000t\000a\000i\000l\000e\000d\000\040\000D\000e\000s\000c\000r\000i\000p\000t\000i\000o\000n}{section.4.8}% 99
\BOOKMARK [2][-]{subsection.4.8.2}{\376\377\000C\000o\000n\000s\000t\000r\000u\000c\000t\000o\000r\000\040\000\046\000\040\000D\000e\000s\000t\000r\000u\000c\000t\000o\000r\000\040\000D\000o\000c\000u\000m\000e\000n\000t\000a\000t\000i\000o\000n}{section.4.8}% 100
\BOOKMARK [3][-]{subsubsection.4.8.2.1}{\376\377\000f\000e\000c\000h\000a}{subsection.4.8.2}% 101
\BOOKMARK [3][-]{subsubsection.4.8.2.2}{\376\377\000f\000e\000c\000h\000a}{subsection.4.8.2}% 102
\BOOKMARK [3][-]{subsubsection.4.8.2.3}{\376\377\000f\000e\000c\000h\000a}{subsection.4.8.2}% 103
\BOOKMARK [2][-]{subsection.4.8.3}{\376\377\000M\000e\000m\000b\000e\000r\000\040\000F\000u\000n\000c\000t\000i\000o\000n\000\040\000D\000o\000c\000u\000m\000e\000n\000t\000a\000t\000i\000o\000n}{section.4.8}% 104
\BOOKMARK [3][-]{subsubsection.4.8.3.1}{\376\377\000g\000e\000t\000D\000a\000y}{subsection.4.8.3}% 105
\BOOKMARK [3][-]{subsubsection.4.8.3.2}{\376\377\000g\000e\000t\000H\000o\000u\000r}{subsection.4.8.3}% 106
\BOOKMARK [3][-]{subsubsection.4.8.3.3}{\376\377\000g\000e\000t\000M\000i\000n}{subsection.4.8.3}% 107
\BOOKMARK [3][-]{subsubsection.4.8.3.4}{\376\377\000g\000e\000t\000M\000o\000n}{subsection.4.8.3}% 108
\BOOKMARK [3][-]{subsubsection.4.8.3.5}{\376\377\000g\000e\000t\000S\000e\000c}{subsection.4.8.3}% 109
\BOOKMARK [3][-]{subsubsection.4.8.3.6}{\376\377\000g\000e\000t\000Y\000e\000a\000r}{subsection.4.8.3}% 110
\BOOKMARK [3][-]{subsubsection.4.8.3.7}{\376\377\000o\000p\000e\000r\000a\000t\000o\000r\000!\000=}{subsection.4.8.3}% 111
\BOOKMARK [3][-]{subsubsection.4.8.3.8}{\376\377\000o\000p\000e\000r\000a\000t\000o\000r\000<}{subsection.4.8.3}% 112
\BOOKMARK [3][-]{subsubsection.4.8.3.9}{\376\377\000o\000p\000e\000r\000a\000t\000o\000r\000<\000=}{subsection.4.8.3}% 113
\BOOKMARK [3][-]{subsubsection.4.8.3.10}{\376\377\000o\000p\000e\000r\000a\000t\000o\000r\000=}{subsection.4.8.3}% 114
\BOOKMARK [3][-]{subsubsection.4.8.3.11}{\376\377\000o\000p\000e\000r\000a\000t\000o\000r\000=}{subsection.4.8.3}% 115
\BOOKMARK [3][-]{subsubsection.4.8.3.12}{\376\377\000o\000p\000e\000r\000a\000t\000o\000r\000=\000=}{subsection.4.8.3}% 116
\BOOKMARK [3][-]{subsubsection.4.8.3.13}{\376\377\000o\000p\000e\000r\000a\000t\000o\000r\000>}{subsection.4.8.3}% 117
\BOOKMARK [3][-]{subsubsection.4.8.3.14}{\376\377\000o\000p\000e\000r\000a\000t\000o\000r\000>\000=}{subsection.4.8.3}% 118
\BOOKMARK [3][-]{subsubsection.4.8.3.15}{\376\377\000t\000o\000S\000t\000r\000i\000n\000g}{subsection.4.8.3}% 119
\BOOKMARK [1][-]{section.4.9}{\376\377\000c\000o\000n\000j\000u\000n\000t\000o\000<\000\040\000C\000M\000P\000\040\000>\000:\000:\000i\000t\000e\000r\000a\000t\000o\000r\000\040\000C\000l\000a\000s\000s\000\040\000R\000e\000f\000e\000r\000e\000n\000c\000e}{chapter.4}% 120
\BOOKMARK [2][-]{subsection.4.9.1}{\376\377\000D\000e\000t\000a\000i\000l\000e\000d\000\040\000D\000e\000s\000c\000r\000i\000p\000t\000i\000o\000n}{section.4.9}% 121
\BOOKMARK [2][-]{subsection.4.9.2}{\376\377\000M\000e\000m\000b\000e\000r\000\040\000F\000u\000n\000c\000t\000i\000o\000n\000\040\000D\000o\000c\000u\000m\000e\000n\000t\000a\000t\000i\000o\000n}{section.4.9}% 122
\BOOKMARK [3][-]{subsubsection.4.9.2.1}{\376\377\000o\000p\000e\000r\000a\000t\000o\000r\000!\000=}{subsection.4.9.2}% 123
\BOOKMARK [3][-]{subsubsection.4.9.2.2}{\376\377\000o\000p\000e\000r\000a\000t\000o\000r}{subsection.4.9.2}% 124
\BOOKMARK [3][-]{subsubsection.4.9.2.3}{\376\377\000o\000p\000e\000r\000a\000t\000o\000r\000+\000+}{subsection.4.9.2}% 125
\BOOKMARK [3][-]{subsubsection.4.9.2.4}{\376\377\000o\000p\000e\000r\000a\000t\000o\000r\000+\000+}{subsection.4.9.2}% 126
\BOOKMARK [3][-]{subsubsection.4.9.2.5}{\376\377\000o\000p\000e\000r\000a\000t\000o\000r\000-\000-}{subsection.4.9.2}% 127
\BOOKMARK [3][-]{subsubsection.4.9.2.6}{\376\377\000o\000p\000e\000r\000a\000t\000o\000r\000-\000-}{subsection.4.9.2}% 128
\BOOKMARK [3][-]{subsubsection.4.9.2.7}{\376\377\000o\000p\000e\000r\000a\000t\000o\000r\000=\000=}{subsection.4.9.2}% 129
